2019-09-23 14:44:15,937 INFO o.a.j.u.JMeterUtils: Setting Locale to en_EN
2019-09-23 14:44:15,950 INFO o.a.j.JMeter: Loading user properties from: user.properties
2019-09-23 14:44:15,951 INFO o.a.j.JMeter: Loading system properties from: system.properties
2019-09-23 14:44:15,955 INFO o.a.j.JMeter: Copyright (c) 1998-2019 The Apache Software Foundation
2019-09-23 14:44:15,955 INFO o.a.j.JMeter: Version 5.1.1 r1855137
2019-09-23 14:44:15,955 INFO o.a.j.JMeter: java.version=1.8.0_171
2019-09-23 14:44:15,955 INFO o.a.j.JMeter: java.vm.name=Java HotSpot(TM) 64-Bit Server VM
2019-09-23 14:44:15,955 INFO o.a.j.JMeter: os.name=Windows 10
2019-09-23 14:44:15,956 INFO o.a.j.JMeter: os.arch=amd64
2019-09-23 14:44:15,956 INFO o.a.j.JMeter: os.version=10.0
2019-09-23 14:44:15,956 INFO o.a.j.JMeter: file.encoding=Cp1252
2019-09-23 14:44:15,956 INFO o.a.j.JMeter: java.awt.headless=null
2019-09-23 14:44:15,956 INFO o.a.j.JMeter: Max memory     =1073741824
2019-09-23 14:44:15,956 INFO o.a.j.JMeter: Available Processors =6
2019-09-23 14:44:15,958 INFO o.a.j.JMeter: Default Locale=English (EN)
2019-09-23 14:44:15,959 INFO o.a.j.JMeter: JMeter  Locale=English (EN)
2019-09-23 14:44:15,959 INFO o.a.j.JMeter: JMeterHome=C:\apache-jmeter-5.1.1
2019-09-23 14:44:15,959 INFO o.a.j.JMeter: user.dir  =C:\apache-jmeter-5.1.1\bin
2019-09-23 14:44:15,959 INFO o.a.j.JMeter: PWD       =C:\apache-jmeter-5.1.1\bin
2019-09-23 14:44:20,567 INFO o.a.j.JMeter: IP: 10.0.75.1 Name: PPTVK-D025 FullName: PPTVK-D025.toyo-local.co.jp
2019-09-23 14:44:20,782 INFO o.a.j.g.a.LookAndFeelCommand: Installing Darcula LAF
2019-09-23 14:44:20,804 INFO o.a.j.g.a.LookAndFeelCommand: Using look and feel: com.bulenkov.darcula.DarculaLaf [Darcula]
2019-09-23 14:44:20,804 INFO o.a.j.JMeter: Setting LAF to: com.bulenkov.darcula.DarculaLaf
2019-09-23 14:44:20,858 INFO o.a.j.JMeter: Loaded icon properties from org/apache/jmeter/images/icon.properties
2019-09-23 14:44:22,260 INFO o.a.j.p.h.s.HTTPSamplerBase: Parser for text/html is org.apache.jmeter.protocol.http.parser.LagartoBasedHtmlParser
2019-09-23 14:44:22,261 INFO o.a.j.p.h.s.HTTPSamplerBase: Parser for application/xhtml+xml is org.apache.jmeter.protocol.http.parser.LagartoBasedHtmlParser
2019-09-23 14:44:22,261 INFO o.a.j.p.h.s.HTTPSamplerBase: Parser for application/xml is org.apache.jmeter.protocol.http.parser.LagartoBasedHtmlParser
2019-09-23 14:44:22,261 INFO o.a.j.p.h.s.HTTPSamplerBase: Parser for text/xml is org.apache.jmeter.protocol.http.parser.LagartoBasedHtmlParser
2019-09-23 14:44:22,261 INFO o.a.j.p.h.s.HTTPSamplerBase: Parser for text/vnd.wap.wml is org.apache.jmeter.protocol.http.parser.RegexpHTMLParser
2019-09-23 14:44:22,261 INFO o.a.j.p.h.s.HTTPSamplerBase: Parser for text/css is org.apache.jmeter.protocol.http.parser.CssParser
2019-09-23 14:44:22,385 INFO o.a.j.e.KeyToolUtils: Exception checking for keytool existence, will return false, try another way.
2019-09-23 14:44:22,527 INFO o.a.j.e.KeyToolUtils: keytool found at 'C:\Program Files\Java\jre1.8.0_171\bin\keytool'
2019-09-23 14:44:22,528 INFO o.a.j.p.h.p.ProxyControl: HTTP(S) Test Script Recorder SSL Proxy will use keys that support embedded 3rd party resources in file C:\apache-jmeter-5.1.1\bin\proxyserver.jks
2019-09-23 14:44:22,632 INFO o.a.j.s.FileServer: Default base='C:\apache-jmeter-5.1.1\bin'
2019-09-23 14:44:23,102 INFO o.a.j.s.SampleResult: Note: Sample TimeStamps are START times
2019-09-23 14:44:23,102 INFO o.a.j.s.SampleResult: sampleresult.default.encoding is set to ISO-8859-1
2019-09-23 14:44:23,102 INFO o.a.j.s.SampleResult: sampleresult.useNanoTime=true
2019-09-23 14:44:23,102 INFO o.a.j.s.SampleResult: sampleresult.nanoThreadSleep=5000
2019-09-23 14:48:40,987 INFO o.a.j.g.a.Load: Loading file: C:\Users\ty316040\Downloads\Kite2309.jmx
2019-09-23 14:48:40,987 INFO o.a.j.s.FileServer: Set new base='C:\Users\ty316040\Downloads'
2019-09-23 14:48:41,126 INFO o.a.j.s.SaveService: Testplan (JMX) version: 2.2. Testlog (JTL) version: 2.2
2019-09-23 14:48:41,142 INFO o.a.j.s.SaveService: Using SaveService properties file encoding UTF-8
2019-09-23 14:48:41,144 INFO o.a.j.s.SaveService: Using SaveService properties version 5.0
2019-09-23 14:48:41,146 INFO o.a.j.s.SaveService: Loading file: C:\Users\ty316040\Downloads\Kite2309.jmx
2019-09-23 14:48:41,169 INFO o.a.j.p.h.c.CookieManager: Settings: Delete null: true Check: true Allow variable: true Save: false Prefix: COOKIE_
2019-09-23 14:48:41,170 INFO o.a.j.p.h.c.CacheManager: Will only cache the following methods: [GET]
2019-09-23 14:48:41,450 INFO o.a.j.s.FileServer: Set new base='C:\Users\ty316040\Downloads'
2019-09-23 14:53:35,305 INFO o.a.j.e.StandardJMeterEngine: Running the test!
2019-09-23 14:53:35,306 INFO o.a.j.s.SampleEvent: List of sample_variables: []
2019-09-23 14:53:35,306 INFO o.a.j.s.SampleEvent: List of sample_variables: []
2019-09-23 14:53:35,308 INFO o.a.j.e.u.CompoundVariable: Note: Function class names must contain the string: '.functions.'
2019-09-23 14:53:35,308 INFO o.a.j.e.u.CompoundVariable: Note: Function class names must not contain the string: '.gui.'
2019-09-23 14:53:35,540 INFO o.a.j.v.b.BackendListener: Backend Listener: Starting worker with class: class rocks.nt.apm.jmeter.JMeterInfluxDBBackendListenerClient and queue capacity: 5000
2019-09-23 14:53:35,541 INFO o.a.j.v.b.BackendListener: Backend Listener: Started  worker with class: class rocks.nt.apm.jmeter.JMeterInfluxDBBackendListenerClient
2019-09-23 14:53:35,903 INFO o.a.j.g.u.JMeterMenuBar: setRunning(true, *local*)
2019-09-23 14:53:35,935 INFO o.a.j.e.StandardJMeterEngine: Starting ThreadGroup: 1 : Thread Group
2019-09-23 14:53:35,935 INFO o.a.j.e.StandardJMeterEngine: Starting 5 threads for group Thread Group.
2019-09-23 14:53:35,935 INFO o.a.j.e.StandardJMeterEngine: Thread will continue on error
2019-09-23 14:53:35,936 INFO o.a.j.t.ThreadGroup: Starting thread group... number=1 threads=5 ramp-up=1 delayedStart=false
2019-09-23 14:53:35,970 INFO o.a.j.t.ThreadGroup: Started thread group number 1
2019-09-23 14:53:35,970 INFO o.a.j.e.StandardJMeterEngine: All thread groups have been started
2019-09-23 14:53:35,981 INFO o.a.j.t.JMeterThread: Thread started: Thread Group 1-1
2019-09-23 14:53:35,993 INFO o.a.j.p.h.s.HTTPHCAbstractImpl: Local host = PPTVK-D025
2019-09-23 14:53:35,997 INFO o.a.j.p.h.s.HTTPHC4Impl: HTTP request retry count = 0
2019-09-23 14:53:36,158 INFO o.a.j.t.JMeterThread: Thread started: Thread Group 1-2
2019-09-23 14:53:36,358 INFO o.a.j.t.JMeterThread: Thread started: Thread Group 1-3
2019-09-23 14:53:36,557 INFO o.a.j.t.JMeterThread: Thread started: Thread Group 1-4
2019-09-23 14:53:36,750 INFO o.a.j.t.JMeterThread: Thread started: Thread Group 1-5
2019-09-23 14:53:37,137 INFO o.a.j.p.h.s.h.LazyLayeredConnectionSocketFactory: Setting up HTTPS TrustAll Socket Factory
2019-09-23 14:53:37,142 INFO o.a.j.u.JsseSSLManager: Using default SSL protocol: TLS
2019-09-23 14:53:37,142 INFO o.a.j.u.JsseSSLManager: SSL session context: per-thread
2019-09-23 14:53:37,177 INFO o.a.j.u.SSLManager: JmeterKeyStore Location:  type JKS
2019-09-23 14:53:37,178 INFO o.a.j.u.SSLManager: KeyStore created OK
2019-09-23 14:53:37,178 WARN o.a.j.u.SSLManager: Keystore file not found, loading empty keystore
2019-09-23 14:54:09,483 INFO o.a.j.t.JMeterThread: Thread is done: Thread Group 1-5
2019-09-23 14:54:09,484 INFO o.a.j.t.JMeterThread: Thread finished: Thread Group 1-5
2019-09-23 14:54:10,059 INFO o.a.j.t.JMeterThread: Thread is done: Thread Group 1-3
2019-09-23 14:54:10,059 INFO o.a.j.t.JMeterThread: Thread finished: Thread Group 1-3
2019-09-23 14:54:10,142 INFO o.a.j.t.JMeterThread: Thread is done: Thread Group 1-1
2019-09-23 14:54:10,142 INFO o.a.j.t.JMeterThread: Thread finished: Thread Group 1-1
2019-09-23 14:54:10,550 INFO o.a.j.t.JMeterThread: Thread is done: Thread Group 1-4
2019-09-23 14:54:10,550 INFO o.a.j.t.JMeterThread: Thread finished: Thread Group 1-4
2019-09-23 14:54:11,292 INFO o.a.j.t.JMeterThread: Thread is done: Thread Group 1-2
2019-09-23 14:54:11,292 INFO o.a.j.t.JMeterThread: Thread finished: Thread Group 1-2
2019-09-23 14:54:11,293 INFO o.a.j.e.StandardJMeterEngine: Notifying test listeners of end of test
2019-09-23 14:54:11,294 INFO o.a.j.v.b.BackendListener: Worker ended
2019-09-23 14:54:11,294 INFO r.n.a.j.JMeterInfluxDBBackendListenerClient: Shutting down influxDB scheduler...
2019-09-23 14:54:11,302 INFO r.n.a.j.JMeterInfluxDBBackendListenerClient: influxDB scheduler terminated!
2019-09-23 14:54:11,303 INFO o.a.j.g.u.JMeterMenuBar: setRunning(false, *local*)
2019-09-23 15:08:20,065 INFO o.a.j.g.a.Load: Loading file: C:\Users\ty316040\Downloads\Kite2309_2.jmx
2019-09-23 15:08:20,065 INFO o.a.j.s.FileServer: Set new base='C:\Users\ty316040\Downloads'
2019-09-23 15:08:20,065 INFO o.a.j.s.SaveService: Loading file: C:\Users\ty316040\Downloads\Kite2309_2.jmx
2019-09-23 15:08:20,127 INFO o.a.j.s.FileServer: Set new base='C:\Users\ty316040\Downloads'
2019-09-23 15:12:28,534 INFO o.a.j.e.StandardJMeterEngine: Running the test!
2019-09-23 15:12:28,534 INFO o.a.j.s.SampleEvent: List of sample_variables: []
2019-09-23 15:12:28,535 INFO o.a.j.v.b.BackendListener: Backend Listener: Starting worker with class: class rocks.nt.apm.jmeter.JMeterInfluxDBBackendListenerClient and queue capacity: 5000
2019-09-23 15:12:28,535 INFO o.a.j.v.b.BackendListener: Backend Listener: Started  worker with class: class rocks.nt.apm.jmeter.JMeterInfluxDBBackendListenerClient
2019-09-23 15:12:28,544 INFO o.a.j.g.u.JMeterMenuBar: setRunning(true, *local*)
2019-09-23 15:12:28,716 INFO o.a.j.e.StandardJMeterEngine: Starting ThreadGroup: 1 : Thread Group
2019-09-23 15:12:28,716 INFO o.a.j.e.StandardJMeterEngine: Starting 5 threads for group Thread Group.
2019-09-23 15:12:28,716 INFO o.a.j.e.StandardJMeterEngine: Thread will continue on error
2019-09-23 15:12:28,716 INFO o.a.j.t.ThreadGroup: Starting thread group... number=1 threads=5 ramp-up=1 delayedStart=false
2019-09-23 15:12:28,718 INFO o.a.j.t.ThreadGroup: Started thread group number 1
2019-09-23 15:12:28,718 INFO o.a.j.e.StandardJMeterEngine: All thread groups have been started
2019-09-23 15:12:28,723 INFO o.a.j.t.JMeterThread: Thread started: Thread Group 1-1
2019-09-23 15:12:28,724 INFO o.a.j.s.FileServer: Stored: C:/Project/docker/Performance-Test-Framework/csv_login.txt
2019-09-23 15:12:28,922 INFO o.a.j.t.JMeterThread: Thread started: Thread Group 1-2
2019-09-23 15:12:28,931 INFO o.a.j.t.JMeterThread: Thread is done: Thread Group 1-1
2019-09-23 15:12:28,931 INFO o.a.j.t.JMeterThread: Thread finished: Thread Group 1-1
2019-09-23 15:12:29,108 INFO o.a.j.t.JMeterThread: Thread is done: Thread Group 1-2
2019-09-23 15:12:29,109 INFO o.a.j.t.JMeterThread: Thread finished: Thread Group 1-2
2019-09-23 15:12:29,122 INFO o.a.j.t.JMeterThread: Thread started: Thread Group 1-3
2019-09-23 15:12:29,312 INFO o.a.j.t.JMeterThread: Thread is done: Thread Group 1-3
2019-09-23 15:12:29,312 INFO o.a.j.t.JMeterThread: Thread finished: Thread Group 1-3
2019-09-23 15:12:29,322 INFO o.a.j.t.JMeterThread: Thread started: Thread Group 1-4
2019-09-23 15:12:29,495 INFO o.a.j.t.JMeterThread: Thread is done: Thread Group 1-4
2019-09-23 15:12:29,495 INFO o.a.j.t.JMeterThread: Thread finished: Thread Group 1-4
2019-09-23 15:12:29,522 INFO o.a.j.t.JMeterThread: Thread started: Thread Group 1-5
2019-09-23 15:12:29,722 INFO o.a.j.t.JMeterThread: Thread is done: Thread Group 1-5
2019-09-23 15:12:29,722 INFO o.a.j.t.JMeterThread: Thread finished: Thread Group 1-5
2019-09-23 15:12:29,722 INFO o.a.j.e.StandardJMeterEngine: Notifying test listeners of end of test
2019-09-23 15:12:29,722 INFO o.a.j.s.FileServer: Close: C:/Project/docker/Performance-Test-Framework/csv_login.txt
2019-09-23 15:12:29,724 INFO o.a.j.v.b.BackendListener: Worker ended
2019-09-23 15:12:29,724 INFO r.n.a.j.JMeterInfluxDBBackendListenerClient: Shutting down influxDB scheduler...
2019-09-23 15:12:29,730 INFO r.n.a.j.JMeterInfluxDBBackendListenerClient: influxDB scheduler terminated!
2019-09-23 15:12:29,730 INFO o.a.j.g.u.JMeterMenuBar: setRunning(false, *local*)
2019-09-23 15:24:52,685 INFO o.a.j.g.a.Load: Loading file: C:\Users\ty316040\Downloads\Kite_IT_2309.jmx
2019-09-23 15:24:52,686 INFO o.a.j.s.FileServer: Set new base='C:\Users\ty316040\Downloads'
2019-09-23 15:24:52,686 INFO o.a.j.s.SaveService: Loading file: C:\Users\ty316040\Downloads\Kite_IT_2309.jmx
2019-09-23 15:24:52,733 INFO o.a.j.s.FileServer: Set new base='C:\Users\ty316040\Downloads'
